1596902451.230766 client started (35301): version 3.1b, socket /private/tmp/tmux-502/default, protocol 8
1596902451.230969 on Darwin 19.5.0 Darwin Kernel Version 19.5.0: Tue May 26 20:41:44 PDT 2020; root:xnu-6153.121.2~2/RELEASE_X86_64; libevent 2.1.12-stable (select)
1596902451.231129 socket is /private/tmp/tmux-502/default
1596902451.231181 trying connect
1596902451.231401 add peer 0x7fdb82526000: 6 (0x0)
1596902451.233330 sending message 100 to peer 0x7fdb82526000 (4 bytes)
1596902451.233366 sending message 101 to peer 0x7fdb82526000 (15 bytes)
1596902451.233375 sending message 102 to peer 0x7fdb82526000 (13 bytes)
1596902451.233383 sending message 108 to peer 0x7fdb82526000 (29 bytes)
1596902451.233406 sending message 104 to peer 0x7fdb82526000 (0 bytes)
1596902451.233414 sending message 107 to peer 0x7fdb82526000 (4 bytes)
1596902451.233421 sending message 105 to peer 0x7fdb82526000 (60 bytes)
1596902451.233428 sending message 105 to peer 0x7fdb82526000 (66 bytes)
1596902451.233435 sending message 105 to peer 0x7fdb82526000 (27 bytes)
1596902451.233442 sending message 105 to peer 0x7fdb82526000 (14 bytes)
1596902451.233448 sending message 105 to peer 0x7fdb82526000 (22 bytes)
1596902451.233455 sending message 105 to peer 0x7fdb82526000 (14 bytes)
1596902451.233462 sending message 105 to peer 0x7fdb82526000 (33 bytes)
1596902451.233469 sending message 105 to peer 0x7fdb82526000 (15 bytes)
1596902451.233476 sending message 105 to peer 0x7fdb82526000 (24 bytes)
1596902451.233483 sending message 105 to peer 0x7fdb82526000 (28 bytes)
1596902451.233490 sending message 105 to peer 0x7fdb82526000 (23 bytes)
1596902451.233497 sending message 105 to peer 0x7fdb82526000 (260 bytes)
1596902451.233504 sending message 105 to peer 0x7fdb82526000 (75 bytes)
1596902451.233511 sending message 105 to peer 0x7fdb82526000 (19 bytes)
1596902451.233517 sending message 105 to peer 0x7fdb82526000 (20 bytes)
1596902451.233524 sending message 105 to peer 0x7fdb82526000 (22 bytes)
1596902451.233531 sending message 105 to peer 0x7fdb82526000 (20 bytes)
1596902451.233538 sending message 105 to peer 0x7fdb82526000 (20 bytes)
1596902451.233545 sending message 105 to peer 0x7fdb82526000 (57 bytes)
1596902451.233551 sending message 105 to peer 0x7fdb82526000 (13 bytes)
1596902451.233558 sending message 105 to peer 0x7fdb82526000 (19 bytes)
1596902451.233565 sending message 105 to peer 0x7fdb82526000 (16 bytes)
1596902451.233572 sending message 105 to peer 0x7fdb82526000 (54 bytes)
1596902451.233579 sending message 105 to peer 0x7fdb82526000 (32 bytes)
1596902451.233586 sending message 105 to peer 0x7fdb82526000 (61 bytes)
1596902451.233592 sending message 105 to peer 0x7fdb82526000 (8 bytes)
1596902451.233599 sending message 105 to peer 0x7fdb82526000 (27 bytes)
1596902451.233606 sending message 105 to peer 0x7fdb82526000 (12 bytes)
1596902451.233613 sending message 105 to peer 0x7fdb82526000 (30 bytes)
1596902451.233619 sending message 105 to peer 0x7fdb82526000 (11 bytes)
1596902451.233626 sending message 105 to peer 0x7fdb82526000 (8 bytes)
1596902451.233633 sending message 105 to peer 0x7fdb82526000 (32 bytes)
1596902451.233640 sending message 105 to peer 0x7fdb82526000 (10 bytes)
1596902451.233647 sending message 105 to peer 0x7fdb82526000 (21 bytes)
1596902451.233653 sending message 105 to peer 0x7fdb82526000 (19 bytes)
1596902451.233660 sending message 105 to peer 0x7fdb82526000 (22 bytes)
1596902451.233667 sending message 106 to peer 0x7fdb82526000 (0 bytes)
1596902451.233676 sending message 200 to peer 0x7fdb82526000 (4 bytes)
1596902451.233684 client loop enter
1596902451.234834 peer 0x7fdb82526000 message 207
1596902451.234865 sending message 208 to peer 0x7fdb82526000 (0 bytes)
1596902465.150838 peer 0x7fdb82526000 message 203
1596902465.151285 sending message 205 to peer 0x7fdb82526000 (0 bytes)
1596902465.151462 peer 0x7fdb82526000 message 204
1596902465.151477 client loop exit
